1546698172302:help
1546698187002:hello
1546698203564:st
1546698228550:st2
1546698242317:st3
1546701282123:help
1546701364782:get-results
1546701715355:help
1546701724326:get_results
1546701730312:get-results
1546701756526:set-language-with-shell EE
1546701842988:set-language-with-shell EN
1546701850606:set-language-with-shell RU
1546701857727:help
1546701866745:request-student-name
1546701884425:set-language-with-shell EN
1546701892368:get-results
1546701900567:start-test
1546701926184:get-results
1546703265907:help
1546703272504:table
1546703293816:set-language-with-shell EN
1546703296942:table
1546703619747:help
1546703731105:start
1546703814434:Start
1546703816977:strat
1546703819914:start
1546703839258:print-results
1546704002456:help
1546704015776:set-language-with-shell EN
1546704027954:request-student-name
1546704052169:start-test
1546704067807:get-results
1546704359816:help
1546704371044:set-language-with-shell EN
1546704380235:request-student-name
1546704406354:start-test
1546704420224:print-results
1546704671648:start
1546712716134:help
1546712725416:set-language-with-shell
1546712731469:set-language-with-shell EN
1546712739098:request-student-name
1546712815280:start-test
1546712828209:print-results
1546713468151:help
1546713475437:start-test
1546713677810:start
1546713952139:start-test
1546714447062:help
1546714597922:set-language-with-shell EN
1546714604165:request-student-name
1546714612434:help
1546714620302:start-test
1546714637712:help
1546714643683:print-results
1546714650842:start
